<?xml version="1.0" encoding="utf-8"?><testsuites><testsuite name="pytest" errors="0" failures="0" skipped="0" tests="19" time="69.403" timestamp="2025-01-21T16:20:35.323447+00:00" hostname="github-actions.vm.mmb.pcb.ub.es"><testcase classname="biobb_dna.test.unitests.test_backbone.test_bipopulations.TestBIPopulations" name="test_bipopulations" time="1.440" /><testcase classname="biobb_dna.test.unitests.test_backbone.test_canonical_alpha_gamma.TestCanonicalAlphaGamma" name="test_canonicalag" time="1.350" /><testcase classname="biobb_dna.test.unitests.test_backbone.test_puckering.TestPuckering" name="test_puckering" time="1.617" /><testcase classname="biobb_dna.test.unitests.test_correlation.test_correlation.TestInterHelparCorrelation" name="test_helparcorrelation" time="0.721" /><testcase classname="biobb_dna.test.unitests.test_correlation.test_correlation.TestInterSequenceCorrelation" name="test_sequencecorrelation" time="0.955" /><testcase classname="biobb_dna.test.unitests.test_correlation.test_correlation.TestInterBasepairCorrelation" name="test_basepaircorrelation" time="2.240" /><testcase classname="biobb_dna.test.unitests.test_correlation.test_correlation.TestIntraHelparCorrelation" name="test_helparcorrelation" time="0.710" /><testcase classname="biobb_dna.test.unitests.test_correlation.test_correlation.TestIntraSequenceCorrelation" name="test_sequencecorrelation" time="0.951" /><testcase classname="biobb_dna.test.unitests.test_correlation.test_correlation.TestIntraBasepairCorrelation" name="test_basepaircorrelation" time="2.284" /><testcase classname="biobb_dna.test.unitests.test_curvesplus.test_canal.TestCanal" name="test_canal" time="17.279" /><testcase classname="biobb_dna.test.unitests.test_curvesplus.test_canal_unzip.TestCanalUnzip" name="test_canal_unzip" time="0.208" /><testcase classname="biobb_dna.test.unitests.test_curvesplus.test_canion.TestCanal" name="test_canion" time="1.264" /><testcase classname="biobb_dna.test.unitests.test_curvesplus.test_curves.TestCurves" name="test_curves" time="15.322" /><testcase classname="biobb_dna.test.unitests.test_dna.test_averages.TestAverages" name="test_helparaverages" time="0.679" /><testcase classname="biobb_dna.test.unitests.test_dna.test_bimodality.TestBimodality" name="test_helparbimodality" time="1.101" /><testcase classname="biobb_dna.test.unitests.test_dna.test_timeseries.TestTimeSeries" name="test_helpartimeseries" time="11.861" /><testcase classname="biobb_dna.test.unitests.test_dna.test_timeseries_unzip.TestCanalUnzip" name="test_dna_timeseries_unzip" time="0.178" /><testcase classname="biobb_dna.test.unitests.test_stiffness.test_stiffness.TestAvgStiffness" name="test_averagestiffness" time="0.614" /><testcase classname="biobb_dna.test.unitests.test_stiffness.test_stiffness.TestBasePairStiffness" name="test_basepairstiffness" time="0.651" /></testsuite></testsuites>