<?xml version="1.0" encoding="utf-8"?><testsuites><testsuite errors="0" failures="0" hostname="biobb-runners" name="pytest" skipped="0" tests="17" time="19.725" timestamp="2023-04-13T13:36:45.840295"><testcase classname="biobb_dna.test.unitests.test_backbone.test_bipopulations.TestBIPopulations" name="test_bipopulations" time="0.444" /><testcase classname="biobb_dna.test.unitests.test_backbone.test_canonical_alpha_gamma.TestCanonicalAlphaGamma" name="test_canonicalag" time="0.347" /><testcase classname="biobb_dna.test.unitests.test_backbone.test_puckering.TestPuckering" name="test_puckering" time="0.380" /><testcase classname="biobb_dna.test.unitests.test_correlation.test_correlation.TestInterHelparCorrelation" name="test_helparcorrelation" time="0.272" /><testcase classname="biobb_dna.test.unitests.test_correlation.test_correlation.TestInterSequenceCorrelation" name="test_sequencecorrelation" time="0.394" /><testcase classname="biobb_dna.test.unitests.test_correlation.test_correlation.TestInterBasepairCorrelation" name="test_basepaircorrelation" time="0.840" /><testcase classname="biobb_dna.test.unitests.test_correlation.test_correlation.TestIntraHelparCorrelation" name="test_helparcorrelation" time="0.386" /><testcase classname="biobb_dna.test.unitests.test_correlation.test_correlation.TestIntraSequenceCorrelation" name="test_sequencecorrelation" time="0.406" /><testcase classname="biobb_dna.test.unitests.test_correlation.test_correlation.TestIntraBasepairCorrelation" name="test_basepaircorrelation" time="0.863" /><testcase classname="biobb_dna.test.unitests.test_curvesplus.test_canal.TestCanal" name="test_canal" time="3.418" /><testcase classname="biobb_dna.test.unitests.test_curvesplus.test_canion.TestCanal" name="test_canion" time="1.077" /><testcase classname="biobb_dna.test.unitests.test_curvesplus.test_curves.TestCurves" name="test_curves" time="6.844" /><testcase classname="biobb_dna.test.unitests.test_dna.test_averages.TestAverages" name="test_helparaverages" time="0.213" /><testcase classname="biobb_dna.test.unitests.test_dna.test_bimodality.TestBimodality" name="test_helparbimodality" time="0.434" /><testcase classname="biobb_dna.test.unitests.test_dna.test_timeseries.TestTimeSeries" name="test_helpartimeseries" time="0.880" /><testcase classname="biobb_dna.test.unitests.test_stiffness.test_stiffness.TestAvgStiffness" name="test_averagestiffness" time="0.200" /><testcase classname="biobb_dna.test.unitests.test_stiffness.test_stiffness.TestBasePairStiffness" name="test_basepairstiffness" time="0.265" /></testsuite></testsuites>