<?xml version="1.0" encoding="utf-8"?><testsuites><testsuite name="pytest" errors="0" failures="0" skipped="0" tests="17" time="21.786" timestamp="2023-04-14T14:59:57.761637" hostname="biobb-runners"><testcase classname="biobb_dna.test.unitests.test_backbone.test_bipopulations.TestBIPopulations" name="test_bipopulations" time="0.523" /><testcase classname="biobb_dna.test.unitests.test_backbone.test_canonical_alpha_gamma.TestCanonicalAlphaGamma" name="test_canonicalag" time="0.488" /><testcase classname="biobb_dna.test.unitests.test_backbone.test_puckering.TestPuckering" name="test_puckering" time="0.650" /><testcase classname="biobb_dna.test.unitests.test_correlation.test_correlation.TestInterHelparCorrelation" name="test_helparcorrelation" time="0.270" /><testcase classname="biobb_dna.test.unitests.test_correlation.test_correlation.TestInterSequenceCorrelation" name="test_sequencecorrelation" time="3.102" /><testcase classname="biobb_dna.test.unitests.test_correlation.test_correlation.TestInterBasepairCorrelation" name="test_basepaircorrelation" time="0.803" /><testcase classname="biobb_dna.test.unitests.test_correlation.test_correlation.TestIntraHelparCorrelation" name="test_helparcorrelation" time="0.263" /><testcase classname="biobb_dna.test.unitests.test_correlation.test_correlation.TestIntraSequenceCorrelation" name="test_sequencecorrelation" time="0.308" /><testcase classname="biobb_dna.test.unitests.test_correlation.test_correlation.TestIntraBasepairCorrelation" name="test_basepaircorrelation" time="0.822" /><testcase classname="biobb_dna.test.unitests.test_curvesplus.test_canal.TestCanal" name="test_canal" time="3.046" /><testcase classname="biobb_dna.test.unitests.test_curvesplus.test_canion.TestCanal" name="test_canion" time="0.719" /><testcase classname="biobb_dna.test.unitests.test_curvesplus.test_curves.TestCurves" name="test_curves" time="6.646" /><testcase classname="biobb_dna.test.unitests.test_dna.test_averages.TestAverages" name="test_helparaverages" time="0.261" /><testcase classname="biobb_dna.test.unitests.test_dna.test_bimodality.TestBimodality" name="test_helparbimodality" time="0.579" /><testcase classname="biobb_dna.test.unitests.test_dna.test_timeseries.TestTimeSeries" name="test_helpartimeseries" time="1.078" /><testcase classname="biobb_dna.test.unitests.test_stiffness.test_stiffness.TestAvgStiffness" name="test_averagestiffness" time="0.259" /><testcase classname="biobb_dna.test.unitests.test_stiffness.test_stiffness.TestBasePairStiffness" name="test_basepairstiffness" time="0.253" /></testsuite></testsuites>