<?xml version="1.0" encoding="utf-8"?><testsuites><testsuite name="pytest" errors="0" failures="0" skipped="0" tests="17" time="23.895" timestamp="2023-09-07T15:15:02.784703" hostname="biobb-runners"><testcase classname="biobb_dna.test.unitests.test_backbone.test_bipopulations.TestBIPopulations" name="test_bipopulations" time="0.644" /><testcase classname="biobb_dna.test.unitests.test_backbone.test_canonical_alpha_gamma.TestCanonicalAlphaGamma" name="test_canonicalag" time="0.541" /><testcase classname="biobb_dna.test.unitests.test_backbone.test_puckering.TestPuckering" name="test_puckering" time="0.631" /><testcase classname="biobb_dna.test.unitests.test_correlation.test_correlation.TestInterHelparCorrelation" name="test_helparcorrelation" time="0.342" /><testcase classname="biobb_dna.test.unitests.test_correlation.test_correlation.TestInterSequenceCorrelation" name="test_sequencecorrelation" time="0.422" /><testcase classname="biobb_dna.test.unitests.test_correlation.test_correlation.TestInterBasepairCorrelation" name="test_basepaircorrelation" time="0.960" /><testcase classname="biobb_dna.test.unitests.test_correlation.test_correlation.TestIntraHelparCorrelation" name="test_helparcorrelation" time="0.341" /><testcase classname="biobb_dna.test.unitests.test_correlation.test_correlation.TestIntraSequenceCorrelation" name="test_sequencecorrelation" time="0.495" /><testcase classname="biobb_dna.test.unitests.test_correlation.test_correlation.TestIntraBasepairCorrelation" name="test_basepaircorrelation" time="0.989" /><testcase classname="biobb_dna.test.unitests.test_curvesplus.test_canal.TestCanal" name="test_canal" time="3.251" /><testcase classname="biobb_dna.test.unitests.test_curvesplus.test_canion.TestCanal" name="test_canion" time="0.771" /><testcase classname="biobb_dna.test.unitests.test_curvesplus.test_curves.TestCurves" name="test_curves" time="6.660" /><testcase classname="biobb_dna.test.unitests.test_dna.test_averages.TestAverages" name="test_helparaverages" time="0.318" /><testcase classname="biobb_dna.test.unitests.test_dna.test_bimodality.TestBimodality" name="test_helparbimodality" time="0.559" /><testcase classname="biobb_dna.test.unitests.test_dna.test_timeseries.TestTimeSeries" name="test_helpartimeseries" time="4.527" /><testcase classname="biobb_dna.test.unitests.test_stiffness.test_stiffness.TestAvgStiffness" name="test_averagestiffness" time="0.342" /><testcase classname="biobb_dna.test.unitests.test_stiffness.test_stiffness.TestBasePairStiffness" name="test_basepairstiffness" time="0.324" /></testsuite></testsuites>